{"C:\\Users\\jsanc\\Desktop\\Proyectos\\3\\PERN\\rest_api_node_ts_server\\src\\router.ts": {"path":"C:\\Users\\jsanc\\Desktop\\Proyectos\\3\\PERN\\rest_api_node_ts_server\\src\\router.ts","statementMap":{"0":{"start":{"line":1,"column":0},"end":{"line":1,"column":32}},"1":{"start":{"line":2,"column":0},"end":{"line":2,"column":47}},"2":{"start":{"line":3,"column":0},"end":{"line":3,"column":114}},"3":{"start":{"line":4,"column":0},"end":{"line":4,"column":48}},"4":{"start":{"line":5,"column":0},"end":{"line":5,"column":50}},"5":{"start":{"line":7,"column":15},"end":{"line":7,"column":23}},"6":{"start":{"line":11,"column":0},"end":{"line":11,"column":null}},"7":{"start":{"line":12,"column":0},"end":{"line":16,"column":null}},"8":{"start":{"line":19,"column":0},"end":{"line":32,"column":null}},"9":{"start":{"line":29,"column":26},"end":{"line":29,"column":35}},"10":{"start":{"line":35,"column":0},"end":{"line":49,"column":null}},"11":{"start":{"line":45,"column":26},"end":{"line":45,"column":35}},"12":{"start":{"line":52,"column":0},"end":{"line":55,"column":null}},"13":{"start":{"line":58,"column":0},"end":{"line":62,"column":null}},"14":{"start":{"line":65,"column":0},"end":{"line":65,"column":null}}},"fnMap":{"0":{"name":"(anonymous_0)","decl":{"start":{"line":29,"column":17},"end":{"line":29,"column":22}},"loc":{"start":{"line":29,"column":26},"end":{"line":29,"column":35}}},"1":{"name":"(anonymous_1)","decl":{"start":{"line":45,"column":17},"end":{"line":45,"column":22}},"loc":{"start":{"line":45,"column":26},"end":{"line":45,"column":35}}}},"branchMap":{},"s":{"0":2,"1":2,"2":2,"3":2,"4":2,"5":2,"6":2,"7":2,"8":2,"9":4,"10":2,"11":5,"12":2,"13":2,"14":2},"f":{"0":4,"1":5},"b":{}}
,"C:\\Users\\jsanc\\Desktop\\Proyectos\\3\\PERN\\rest_api_node_ts_server\\src\\server.ts": {"path":"C:\\Users\\jsanc\\Desktop\\Proyectos\\3\\PERN\\rest_api_node_ts_server\\src\\server.ts","statementMap":{"0":{"start":{"line":8,"column":0},"end":{"line":8,"column":7}},"1":{"start":{"line":1,"column":0},"end":{"line":1,"column":22}},"2":{"start":{"line":2,"column":0},"end":{"line":2,"column":29}},"3":{"start":{"line":3,"column":0},"end":{"line":3,"column":29}},"4":{"start":{"line":4,"column":0},"end":{"line":4,"column":28}},"5":{"start":{"line":5,"column":0},"end":{"line":5,"column":27}},"6":{"start":{"line":9,"column":4},"end":{"line":16,"column":5}},"7":{"start":{"line":10,"column":8},"end":{"line":10,"column":null}},"8":{"start":{"line":11,"column":8},"end":{"line":11,"column":null}},"9":{"start":{"line":15,"column":8},"end":{"line":15,"column":null}},"10":{"start":{"line":19,"column":0},"end":{"line":19,"column":null}},"11":{"start":{"line":22,"column":15},"end":{"line":22,"column":24}},"12":{"start":{"line":25,"column":0},"end":{"line":25,"column":null}},"13":{"start":{"line":29,"column":0},"end":{"line":29,"column":null}},"14":{"start":{"line":33,"column":0},"end":{"line":35,"column":null}},"15":{"start":{"line":34,"column":4},"end":{"line":34,"column":null}},"16":{"start":{"line":37,"column":0},"end":{"line":37,"column":null}}},"fnMap":{"0":{"name":"connectDB","decl":{"start":{"line":8,"column":22},"end":{"line":8,"column":31}},"loc":{"start":{"line":8,"column":31},"end":{"line":17,"column":1}}},"1":{"name":"(anonymous_2)","decl":{"start":{"line":33,"column":19},"end":{"line":33,"column":20}},"loc":{"start":{"line":33,"column":32},"end":{"line":35,"column":1}}}},"branchMap":{},"s":{"0":2,"1":2,"2":2,"3":2,"4":2,"5":2,"6":3,"7":3,"8":2,"9":1,"10":2,"11":2,"12":2,"13":2,"14":2,"15":1,"16":2},"f":{"0":3,"1":1},"b":{}}
,"C:\\Users\\jsanc\\Desktop\\Proyectos\\3\\PERN\\rest_api_node_ts_server\\src\\config\\db.ts": {"path":"C:\\Users\\jsanc\\Desktop\\Proyectos\\3\\PERN\\rest_api_node_ts_server\\src\\config\\db.ts","statementMap":{"0":{"start":{"line":1,"column":0},"end":{"line":1,"column":49}},"1":{"start":{"line":2,"column":0},"end":{"line":2,"column":27}},"2":{"start":{"line":3,"column":0},"end":{"line":3,"column":null}},"3":{"start":{"line":7,"column":11},"end":{"line":10,"column":2}},"4":{"start":{"line":12,"column":0},"end":{"line":12,"column":null}}},"fnMap":{},"branchMap":{},"s":{"0":2,"1":2,"2":2,"3":2,"4":2},"f":{},"b":{}}
,"C:\\Users\\jsanc\\Desktop\\Proyectos\\3\\PERN\\rest_api_node_ts_server\\src\\handlers\\product.ts": {"path":"C:\\Users\\jsanc\\Desktop\\Proyectos\\3\\PERN\\rest_api_node_ts_server\\src\\handlers\\product.ts","statementMap":{"0":{"start":{"line":2,"column":0},"end":{"line":2,"column":45}},"1":{"start":{"line":5,"column":27},"end":{"line":13,"column":1}},"2":{"start":{"line":6,"column":20},"end":{"line":11,"column":10}},"3":{"start":{"line":12,"column":8},"end":{"line":12,"column":null}},"4":{"start":{"line":5,"column":13},"end":{"line":5,"column":27}},"5":{"start":{"line":15,"column":30},"end":{"line":26,"column":1}},"6":{"start":{"line":16,"column":16},"end":{"line":16,"column":26}},"7":{"start":{"line":17,"column":23},"end":{"line":17,"column":59}},"8":{"start":{"line":19,"column":7},"end":{"line":23,"column":8}},"9":{"start":{"line":20,"column":8},"end":{"line":22,"column":null}},"10":{"start":{"line":25,"column":7},"end":{"line":25,"column":null}},"11":{"start":{"line":15,"column":13},"end":{"line":15,"column":30}},"12":{"start":{"line":28,"column":29},"end":{"line":32,"column":1}},"13":{"start":{"line":30,"column":20},"end":{"line":30,"column":50}},"14":{"start":{"line":31,"column":4},"end":{"line":31,"column":null}},"15":{"start":{"line":28,"column":13},"end":{"line":28,"column":29}},"16":{"start":{"line":34,"column":29},"end":{"line":50,"column":1}},"17":{"start":{"line":36,"column":18},"end":{"line":36,"column":28}},"18":{"start":{"line":37,"column":24},"end":{"line":37,"column":60}},"19":{"start":{"line":39,"column":8},"end":{"line":43,"column":9}},"20":{"start":{"line":40,"column":12},"end":{"line":42,"column":null}},"21":{"start":{"line":46,"column":8},"end":{"line":46,"column":null}},"22":{"start":{"line":47,"column":8},"end":{"line":47,"column":null}},"23":{"start":{"line":49,"column":8},"end":{"line":49,"column":null}},"24":{"start":{"line":34,"column":13},"end":{"line":34,"column":29}},"25":{"start":{"line":52,"column":34},"end":{"line":68,"column":1}},"26":{"start":{"line":54,"column":18},"end":{"line":54,"column":28}},"27":{"start":{"line":55,"column":24},"end":{"line":55,"column":60}},"28":{"start":{"line":57,"column":8},"end":{"line":61,"column":9}},"29":{"start":{"line":58,"column":12},"end":{"line":60,"column":null}},"30":{"start":{"line":64,"column":8},"end":{"line":64,"column":null}},"31":{"start":{"line":65,"column":8},"end":{"line":65,"column":null}},"32":{"start":{"line":67,"column":8},"end":{"line":67,"column":null}},"33":{"start":{"line":52,"column":13},"end":{"line":52,"column":34}},"34":{"start":{"line":70,"column":29},"end":{"line":83,"column":1}},"35":{"start":{"line":72,"column":19},"end":{"line":72,"column":29}},"36":{"start":{"line":73,"column":20},"end":{"line":73,"column":56}},"37":{"start":{"line":75,"column":4},"end":{"line":79,"column":5}},"38":{"start":{"line":76,"column":8},"end":{"line":78,"column":null}},"39":{"start":{"line":81,"column":4},"end":{"line":81,"column":null}},"40":{"start":{"line":82,"column":4},"end":{"line":82,"column":null}},"41":{"start":{"line":70,"column":13},"end":{"line":70,"column":29}}},"fnMap":{"0":{"name":"(anonymous_1)","decl":{"start":{"line":5,"column":27},"end":{"line":5,"column":32}},"loc":{"start":{"line":5,"column":64},"end":{"line":13,"column":1}}},"1":{"name":"(anonymous_2)","decl":{"start":{"line":15,"column":30},"end":{"line":15,"column":35}},"loc":{"start":{"line":15,"column":67},"end":{"line":26,"column":1}}},"2":{"name":"(anonymous_3)","decl":{"start":{"line":28,"column":29},"end":{"line":28,"column":34}},"loc":{"start":{"line":28,"column":69},"end":{"line":32,"column":1}}},"3":{"name":"(anonymous_4)","decl":{"start":{"line":34,"column":29},"end":{"line":34,"column":34}},"loc":{"start":{"line":34,"column":67},"end":{"line":50,"column":1}}},"4":{"name":"(anonymous_5)","decl":{"start":{"line":52,"column":34},"end":{"line":52,"column":39}},"loc":{"start":{"line":52,"column":72},"end":{"line":68,"column":1}}},"5":{"name":"(anonymous_6)","decl":{"start":{"line":70,"column":29},"end":{"line":70,"column":34}},"loc":{"start":{"line":70,"column":67},"end":{"line":83,"column":1}}}},"branchMap":{"0":{"loc":{"start":{"line":19,"column":7},"end":{"line":23,"column":8}},"type":"if","locations":[{"start":{"line":19,"column":7},"end":{"line":23,"column":8}},{"start":{},"end":{}}]},"1":{"loc":{"start":{"line":39,"column":8},"end":{"line":43,"column":9}},"type":"if","locations":[{"start":{"line":39,"column":8},"end":{"line":43,"column":9}},{"start":{},"end":{}}]},"2":{"loc":{"start":{"line":57,"column":8},"end":{"line":61,"column":9}},"type":"if","locations":[{"start":{"line":57,"column":8},"end":{"line":61,"column":9}},{"start":{},"end":{}}]},"3":{"loc":{"start":{"line":75,"column":4},"end":{"line":79,"column":5}},"type":"if","locations":[{"start":{"line":75,"column":4},"end":{"line":79,"column":5}},{"start":{},"end":{}}]}},"s":{"0":2,"1":2,"2":2,"3":2,"4":2,"5":2,"6":2,"7":2,"8":2,"9":1,"10":1,"11":2,"12":2,"13":1,"14":1,"15":2,"16":2,"17":2,"18":2,"19":2,"20":1,"21":1,"22":1,"23":1,"24":2,"25":2,"26":2,"27":2,"28":2,"29":1,"30":1,"31":1,"32":1,"33":2,"34":2,"35":2,"36":2,"37":2,"38":1,"39":1,"40":1,"41":2},"f":{"0":2,"1":2,"2":1,"3":2,"4":2,"5":2},"b":{"0":[1,1],"1":[1,1],"2":[1,1],"3":[1,1]}}
,"C:\\Users\\jsanc\\Desktop\\Proyectos\\3\\PERN\\rest_api_node_ts_server\\src\\middleware\\index.ts": {"path":"C:\\Users\\jsanc\\Desktop\\Proyectos\\3\\PERN\\rest_api_node_ts_server\\src\\middleware\\index.ts","statementMap":{"0":{"start":{"line":2,"column":0},"end":{"line":2,"column":53}},"1":{"start":{"line":5,"column":33},"end":{"line":14,"column":1}},"2":{"start":{"line":7,"column":17},"end":{"line":7,"column":38}},"3":{"start":{"line":8,"column":4},"end":{"line":10,"column":5}},"4":{"start":{"line":9,"column":8},"end":{"line":9,"column":null}},"5":{"start":{"line":13,"column":4},"end":{"line":13,"column":null}},"6":{"start":{"line":5,"column":13},"end":{"line":5,"column":33}}},"fnMap":{"0":{"name":"(anonymous_0)","decl":{"start":{"line":5,"column":33},"end":{"line":5,"column":34}},"loc":{"start":{"line":5,"column":85},"end":{"line":14,"column":1}}}},"branchMap":{"0":{"loc":{"start":{"line":8,"column":4},"end":{"line":10,"column":5}},"type":"if","locations":[{"start":{"line":8,"column":4},"end":{"line":10,"column":5}},{"start":{},"end":{}}]}},"s":{"0":2,"1":2,"2":17,"3":17,"4":8,"5":9,"6":2},"f":{"0":17},"b":{"0":[8,9]}}
,"C:\\Users\\jsanc\\Desktop\\Proyectos\\3\\PERN\\rest_api_node_ts_server\\src\\models\\Product.model.ts": {"path":"C:\\Users\\jsanc\\Desktop\\Proyectos\\3\\PERN\\rest_api_node_ts_server\\src\\models\\Product.model.ts","statementMap":{"0":{"start":{"line":1,"column":0},"end":{"line":1,"column":78}},"1":{"start":{"line":7,"column":0},"end":{"line":23,"column":null}},"2":{"start":{"line":11,"column":12},"end":{"line":11,"column":null}},"3":{"start":{"line":16,"column":12},"end":{"line":16,"column":null}},"4":{"start":{"line":22,"column":12},"end":{"line":22,"column":null}},"5":{"start":{"line":7,"column":6},"end":{"line":23,"column":null}},"6":{"start":{"line":25,"column":0},"end":{"line":25,"column":null}}},"fnMap":{},"branchMap":{},"s":{"0":3,"1":3,"2":3,"3":3,"4":3,"5":3,"6":3},"f":{},"b":{}}
}
