TN:
SF:src\router.ts
FN:29,(anonymous_0)
FN:45,(anonymous_1)
FNF:2
FNH:2
FNDA:4,(anonymous_0)
FNDA:5,(anonymous_1)
DA:1,2
DA:2,2
DA:3,2
DA:4,2
DA:5,2
DA:7,2
DA:11,2
DA:12,2
DA:19,2
DA:29,4
DA:35,2
DA:45,5
DA:52,2
DA:58,2
DA:65,2
LF:15
LH:15
BRF:0
BRH:0
end_of_record
TN:
SF:src\server.ts
FN:8,connectDB
FN:33,(anonymous_2)
FNF:2
FNH:2
FNDA:3,connectDB
FNDA:1,(anonymous_2)
DA:1,2
DA:2,2
DA:3,2
DA:4,2
DA:5,2
DA:8,2
DA:9,3
DA:10,3
DA:11,2
DA:15,1
DA:19,2
DA:22,2
DA:25,2
DA:29,2
DA:33,2
DA:34,1
DA:37,2
LF:17
LH:17
BRF:0
BRH:0
end_of_record
TN:
SF:src\config\db.ts
FNF:0
FNH:0
DA:1,2
DA:2,2
DA:3,2
DA:7,2
DA:12,2
LF:5
LH:5
BRF:0
BRH:0
end_of_record
TN:
SF:src\handlers\product.ts
FN:5,(anonymous_1)
FN:15,(anonymous_2)
FN:28,(anonymous_3)
FN:34,(anonymous_4)
FN:52,(anonymous_5)
FN:70,(anonymous_6)
FNF:6
FNH:6
FNDA:2,(anonymous_1)
FNDA:2,(anonymous_2)
FNDA:1,(anonymous_3)
FNDA:2,(anonymous_4)
FNDA:2,(anonymous_5)
FNDA:2,(anonymous_6)
DA:2,2
DA:5,2
DA:6,2
DA:12,2
DA:15,2
DA:16,2
DA:17,2
DA:19,2
DA:20,1
DA:25,1
DA:28,2
DA:30,1
DA:31,1
DA:34,2
DA:36,2
DA:37,2
DA:39,2
DA:40,1
DA:46,1
DA:47,1
DA:49,1
DA:52,2
DA:54,2
DA:55,2
DA:57,2
DA:58,1
DA:64,1
DA:65,1
DA:67,1
DA:70,2
DA:72,2
DA:73,2
DA:75,2
DA:76,1
DA:81,1
DA:82,1
LF:36
LH:36
BRDA:19,0,0,1
BRDA:19,0,1,1
BRDA:39,1,0,1
BRDA:39,1,1,1
BRDA:57,2,0,1
BRDA:57,2,1,1
BRDA:75,3,0,1
BRDA:75,3,1,1
BRF:8
BRH:8
end_of_record
TN:
SF:src\middleware\index.ts
FN:5,(anonymous_0)
FNF:1
FNH:1
FNDA:17,(anonymous_0)
DA:2,2
DA:5,2
DA:7,17
DA:8,17
DA:9,8
DA:13,9
LF:6
LH:6
BRDA:8,0,0,8
BRDA:8,0,1,9
BRF:2
BRH:2
end_of_record
TN:
SF:src\models\Product.model.ts
FNF:0
FNH:0
DA:1,3
DA:7,3
DA:11,3
DA:16,3
DA:22,3
DA:25,3
LF:6
LH:6
BRF:0
BRH:0
end_of_record
